[2020-11-24 13:58:22] local.ERROR: file_put_contents(/home/lrjohnst/domains/lv1.dev.lucasjohnston.nl/private_html/storage/framework/views/ccd0b99f27bd1c36699a0ed3c67ddd44f1797162.php): failed to open stream: Permission denied {"exception":"[object] (ErrorException(code: 0): file_put_contents(/home/lrjohnst/domains/lv1.dev.lucasjohnston.nl/private_html/storage/framework/views/ccd0b99f27bd1c36699a0ed3c67ddd44f1797162.php): failed to open stream: Permission denied at /home/lrjohnst/domains/lv1.dev.lucasjohnston.nl/private_html/vendor/laravel/framework/src/Illuminate/Filesystem/Filesystem.php:185)
[stacktrace]
#0 [internal function]: Illuminate\\Foundation\\Bootstrap\\HandleExceptions->handleError()
#1 /home/lrjohnst/domains/lv1.dev.lucasjohnston.nl/private_html/vendor/laravel/framework/src/Illuminate/Filesystem/Filesystem.php(185): file_put_contents()
#2 /home/lrjohnst/domains/lv1.dev.lucasjohnston.nl/private_html/vendor/laravel/framework/src/Illuminate/View/Compilers/BladeCompiler.php(157): Illuminate\\Filesystem\\Filesystem->put()
#3 /home/lrjohnst/domains/lv1.dev.lucasjohnston.nl/private_html/vendor/laravel/framework/src/Illuminate/View/Engines/CompilerEngine.php(55): Illuminate\\View\\Compilers\\BladeCompiler->compile()
#4 /home/lrjohnst/domains/lv1.dev.lucasjohnston.nl/private_html/vendor/facade/ignition/src/Views/Engines/CompilerEngine.php(37): Illuminate\\View\\Engines\\CompilerEngine->get()
#5 /home/lrjohnst/domains/lv1.dev.lucasjohnston.nl/private_html/vendor/laravel/framework/src/Illuminate/View/View.php(139): Facade\\Ignition\\Views\\Engines\\CompilerEngine->get()
#6 /home/lrjohnst/domains/lv1.dev.lucasjohnston.nl/private_html/vendor/laravel/framework/src/Illuminate/View/View.php(122): Illuminate\\View\\View->getContents()
#7 /home/lrjohnst/domains/lv1.dev.lucasjohnston.nl/private_html/vendor/laravel/framework/src/Illuminate/View/View.php(91): Illuminate\\View\\View->renderContents()
#8 /home/lrjohnst/domains/lv1.dev.lucasjohnston.nl/private_html/vendor/laravel/framework/src/Illuminate/Http/Response.php(62): Illuminate\\View\\View->render()
#9 /home/lrjohnst/domains/lv1.dev.lucasjohnston.nl/private_html/vendor/laravel/framework/src/Illuminate/Http/Response.php(34): Illuminate\\Http\\Response->setContent()
#10 /home/lrjohnst/domains/lv1.dev.lucasjohnston.nl/private_html/vendor/laravel/framework/src/Illuminate/Routing/Router.php(765): Illuminate\\Http\\Response->__construct()
#11 /home/lrjohnst/domains/lv1.dev.lucasjohnston.nl/private_html/vendor/laravel/framework/src/Illuminate/Routing/Router.php(737): Illuminate\\Routing\\Router::toResponse()
#12 /home/lrjohnst/domains/lv1.dev.lucasjohnston.nl/private_html/vendor/laravel/framework/src/Illuminate/Routing/Router.php(691): Illuminate\\Routing\\Router->prepareResponse()
#13 /home/lrjohnst/domains/lv1.dev.lucasjohnston.nl/private_html/vendor/laravel/framework/src/Illuminate/Pipeline/Pipeline.php(128): Illuminate\\Routing\\Router->Illuminate\\Routing\\{closure}()
#14 /home/lrjohnst/domains/lv1.dev.lucasjohnston.nl/private_html/vendor/laravel/framework/src/Illuminate/Routing/Middleware/SubstituteBindings.php(41): Illuminate\\Pipeline\\Pipeline->Illuminate\\Pipeline\\{closure}()
#15 /home/lrjohnst/domains/lv1.dev.lucasjohnston.nl/private_html/vendor/laravel/framework/src/Illuminate/Pipeline/Pipeline.php(167): Illuminate\\Routing\\Middleware\\SubstituteBindings->handle()
#16 /home/lrjohnst/domains/lv1.dev.lucasjohnston.nl/private_html/vendor/laravel/framework/src/Illuminate/Foundation/Http/Middleware/VerifyCsrfToken.php(77): Illuminate\\Pipeline\\Pipeline->Illuminate\\Pipeline\\{closure}()
#17 /home/lrjohnst/domains/lv1.dev.lucasjohnston.nl/private_html/vendor/laravel/framework/src/Illuminate/Pipeline/Pipeline.php(167): Illuminate\\Foundation\\Http\\Middleware\\VerifyCsrfToken->handle()
#18 /home/lrjohnst/domains/lv1.dev.lucasjohnston.nl/private_html/vendor/laravel/framework/src/Illuminate/View/Middleware/ShareErrorsFromSession.php(49): Illuminate\\Pipeline\\Pipeline->Illuminate\\Pipeline\\{closure}()
#19 /home/lrjohnst/domains/lv1.dev.lucasjohnston.nl/private_html/vendor/laravel/framework/src/Illuminate/Pipeline/Pipeline.php(167): Illuminate\\View\\Middleware\\ShareErrorsFromSession->handle()
#20 /home/lrjohnst/domains/lv1.dev.lucasjohnston.nl/private_html/vendor/laravel/framework/src/Illuminate/Session/Middleware/StartSession.php(121): Illuminate\\Pipeline\\Pipeline->Illuminate\\Pipeline\\{closure}()
#21 /home/lrjohnst/domains/lv1.dev.lucasjohnston.nl/private_html/vendor/laravel/framework/src/Illuminate/Session/Middleware/StartSession.php(63): Illuminate\\Session\\Middleware\\StartSession->handleStatefulRequest()
#22 /home/lrjohnst/domains/lv1.dev.lucasjohnston.nl/private_html/vendor/laravel/framework/src/Illuminate/Pipeline/Pipeline.php(167): Illuminate\\Session\\Middleware\\StartSession->handle()
#23 /home/lrjohnst/domains/lv1.dev.lucasjohnston.nl/private_html/vendor/laravel/framework/src/Illuminate/Cookie/Middleware/AddQueuedCookiesToResponse.php(37): Illuminate\\Pipeline\\Pipeline->Illuminate\\Pipeline\\{closure}()
#24 /home/lrjohnst/domains/lv1.dev.lucasjohnston.nl/private_html/vendor/laravel/framework/src/Illuminate/Pipeline/Pipeline.php(167): Illuminate\\Cookie\\Middleware\\AddQueuedCookiesToResponse->handle()
#25 /home/lrjohnst/domains/lv1.dev.lucasjohnston.nl/private_html/vendor/laravel/framework/src/Illuminate/Cookie/Middleware/EncryptCookies.php(67): Illuminate\\Pipeline\\Pipeline->Illuminate\\Pipeline\\{closure}()
#26 /home/lrjohnst/domains/lv1.dev.lucasjohnston.nl/private_html/vendor/laravel/framework/src/Illuminate/Pipeline/Pipeline.php(167): Illuminate\\Cookie\\Middleware\\EncryptCookies->handle()
#27 /home/lrjohnst/domains/lv1.dev.lucasjohnston.nl/private_html/vendor/laravel/framework/src/Illuminate/Pipeline/Pipeline.php(103): Illuminate\\Pipeline\\Pipeline->Illuminate\\Pipeline\\{closure}()
#28 /home/lrjohnst/domains/lv1.dev.lucasjohnston.nl/private_html/vendor/laravel/framework/src/Illuminate/Routing/Router.php(693): Illuminate\\Pipeline\\Pipeline->then()
#29 /home/lrjohnst/domains/lv1.dev.lucasjohnston.nl/private_html/vendor/laravel/framework/src/Illuminate/Routing/Router.php(668): Illuminate\\Routing\\Router->runRouteWithinStack()
#30 /home/lrjohnst/domains/lv1.dev.lucasjohnston.nl/private_html/vendor/laravel/framework/src/Illuminate/Routing/Router.php(634): Illuminate\\Routing\\Router->runRoute()
#31 /home/lrjohnst/domains/lv1.dev.lucasjohnston.nl/private_html/vendor/laravel/framework/src/Illuminate/Routing/Router.php(623): Illuminate\\Routing\\Router->dispatchToRoute()
#32 /home/lrjohnst/domains/lv1.dev.lucasjohnston.nl/private_html/vendor/laravel/framework/src/Illuminate/Foundation/Http/Kernel.php(166): Illuminate\\Routing\\Router->dispatch()
#33 /home/lrjohnst/domains/lv1.dev.lucasjohnston.nl/private_html/vendor/laravel/framework/src/Illuminate/Pipeline/Pipeline.php(128): Illuminate\\Foundation\\Http\\Kernel->Illuminate\\Foundation\\Http\\{closure}()
#34 /home/lrjohnst/domains/lv1.dev.lucasjohnston.nl/private_html/vendor/laravel/framework/src/Illuminate/Foundation/Http/Middleware/TransformsRequest.php(21): Illuminate\\Pipeline\\Pipeline->Illuminate\\Pipeline\\{closure}()
#35 /home/lrjohnst/domains/lv1.dev.lucasjohnston.nl/private_html/vendor/laravel/framework/src/Illuminate/Pipeline/Pipeline.php(167): Illuminate\\Foundation\\Http\\Middleware\\TransformsRequest->handle()
#36 /home/lrjohnst/domains/lv1.dev.lucasjohnston.nl/private_html/vendor/laravel/framework/src/Illuminate/Foundation/Http/Middleware/TransformsRequest.php(21): Illuminate\\Pipeline\\Pipeline->Illuminate\\Pipeline\\{closure}()
#37 /home/lrjohnst/domains/lv1.dev.lucasjohnston.nl/private_html/vendor/laravel/framework/src/Illuminate/Pipeline/Pipeline.php(167): Illuminate\\Foundation\\Http\\Middleware\\TransformsRequest->handle()
#38 /home/lrjohnst/domains/lv1.dev.lucasjohnston.nl/private_html/vendor/laravel/framework/src/Illuminate/Foundation/Http/Middleware/ValidatePostSize.php(27): Illuminate\\Pipeline\\Pipeline->Illuminate\\Pipeline\\{closure}()
#39 /home/lrjohnst/domains/lv1.dev.lucasjohnston.nl/private_html/vendor/laravel/framework/src/Illuminate/Pipeline/Pipeline.php(167): Illuminate\\Foundation\\Http\\Middleware\\ValidatePostSize->handle()
#40 /home/lrjohnst/domains/lv1.dev.lucasjohnston.nl/private_html/vendor/laravel/framework/src/Illuminate/Foundation/Http/Middleware/PreventRequestsDuringMaintenance.php(87): Illuminate\\Pipeline\\Pipeline->Illuminate\\Pipeline\\{closure}()
#41 /home/lrjohnst/domains/lv1.dev.lucasjohnston.nl/private_html/vendor/laravel/framework/src/Illuminate/Pipeline/Pipeline.php(167): Illuminate\\Foundation\\Http\\Middleware\\PreventRequestsDuringMaintenance->handle()
#42 /home/lrjohnst/domains/lv1.dev.lucasjohnston.nl/private_html/vendor/fruitcake/laravel-cors/src/HandleCors.php(37): Illuminate\\Pipeline\\Pipeline->Illuminate\\Pipeline\\{closure}()
#43 /home/lrjohnst/domains/lv1.dev.lucasjohnston.nl/private_html/vendor/laravel/framework/src/Illuminate/Pipeline/Pipeline.php(167): Fruitcake\\Cors\\HandleCors->handle()
#44 /home/lrjohnst/domains/lv1.dev.lucasjohnston.nl/private_html/vendor/fideloper/proxy/src/TrustProxies.php(57): Illuminate\\Pipeline\\Pipeline->Illuminate\\Pipeline\\{closure}()
#45 /home/lrjohnst/domains/lv1.dev.lucasjohnston.nl/private_html/vendor/laravel/framework/src/Illuminate/Pipeline/Pipeline.php(167): Fideloper\\Proxy\\TrustProxies->handle()
#46 /home/lrjohnst/domains/lv1.dev.lucasjohnston.nl/private_html/vendor/laravel/framework/src/Illuminate/Pipeline/Pipeline.php(103): Illuminate\\Pipeline\\Pipeline->Illuminate\\Pipeline\\{closure}()
#47 /home/lrjohnst/domains/lv1.dev.lucasjohnston.nl/private_html/vendor/laravel/framework/src/Illuminate/Foundation/Http/Kernel.php(141): Illuminate\\Pipeline\\Pipeline->then()
#48 /home/lrjohnst/domains/lv1.dev.lucasjohnston.nl/private_html/vendor/laravel/framework/src/Illuminate/Foundation/Http/Kernel.php(110): Illuminate\\Foundation\\Http\\Kernel->sendRequestThroughRouter()
#49 /home/lrjohnst/domains/lv1.dev.lucasjohnston.nl/private_html/public/index.php(52): Illuminate\\Foundation\\Http\\Kernel->handle()
#50 {main}
"} 
[2020-11-24 13:58:22] local.ERROR: file_put_contents(/home/lrjohnst/domains/lv1.dev.lucasjohnston.nl/private_html/storage/framework/sessions/i4zEQbBk1V56cOWEsOMcltvhXrImpnHs0akui1T4): failed to open stream: Permission denied {"exception":"[object] (ErrorException(code: 0): file_put_contents(/home/lrjohnst/domains/lv1.dev.lucasjohnston.nl/private_html/storage/framework/sessions/i4zEQbBk1V56cOWEsOMcltvhXrImpnHs0akui1T4): failed to open stream: Permission denied at /home/lrjohnst/domains/lv1.dev.lucasjohnston.nl/private_html/vendor/laravel/framework/src/Illuminate/Filesystem/Filesystem.php:185)
[stacktrace]
#0 [internal function]: Illuminate\\Foundation\\Bootstrap\\HandleExceptions->handleError()
#1 /home/lrjohnst/domains/lv1.dev.lucasjohnston.nl/private_html/vendor/laravel/framework/src/Illuminate/Filesystem/Filesystem.php(185): file_put_contents()
#2 /home/lrjohnst/domains/lv1.dev.lucasjohnston.nl/private_html/vendor/laravel/framework/src/Illuminate/Session/FileSessionHandler.php(83): Illuminate\\Filesystem\\Filesystem->put()
#3 /home/lrjohnst/domains/lv1.dev.lucasjohnston.nl/private_html/vendor/laravel/framework/src/Illuminate/Session/Store.php(129): Illuminate\\Session\\FileSessionHandler->write()
#4 /home/lrjohnst/domains/lv1.dev.lucasjohnston.nl/private_html/vendor/laravel/framework/src/Illuminate/Session/Middleware/StartSession.php(236): Illuminate\\Session\\Store->save()
#5 /home/lrjohnst/domains/lv1.dev.lucasjohnston.nl/private_html/vendor/laravel/framework/src/Illuminate/Session/Middleware/StartSession.php(130): Illuminate\\Session\\Middleware\\StartSession->saveSession()
#6 /home/lrjohnst/domains/lv1.dev.lucasjohnston.nl/private_html/vendor/laravel/framework/src/Illuminate/Session/Middleware/StartSession.php(63): Illuminate\\Session\\Middleware\\StartSession->handleStatefulRequest()
#7 /home/lrjohnst/domains/lv1.dev.lucasjohnston.nl/private_html/vendor/laravel/framework/src/Illuminate/Pipeline/Pipeline.php(167): Illuminate\\Session\\Middleware\\StartSession->handle()
#8 /home/lrjohnst/domains/lv1.dev.lucasjohnston.nl/private_html/vendor/laravel/framework/src/Illuminate/Cookie/Middleware/AddQueuedCookiesToResponse.php(37): Illuminate\\Pipeline\\Pipeline->Illuminate\\Pipeline\\{closure}()
#9 /home/lrjohnst/domains/lv1.dev.lucasjohnston.nl/private_html/vendor/laravel/framework/src/Illuminate/Pipeline/Pipeline.php(167): Illuminate\\Cookie\\Middleware\\AddQueuedCookiesToResponse->handle()
#10 /home/lrjohnst/domains/lv1.dev.lucasjohnston.nl/private_html/vendor/laravel/framework/src/Illuminate/Cookie/Middleware/EncryptCookies.php(67): Illuminate\\Pipeline\\Pipeline->Illuminate\\Pipeline\\{closure}()
#11 /home/lrjohnst/domains/lv1.dev.lucasjohnston.nl/private_html/vendor/laravel/framework/src/Illuminate/Pipeline/Pipeline.php(167): Illuminate\\Cookie\\Middleware\\EncryptCookies->handle()
#12 /home/lrjohnst/domains/lv1.dev.lucasjohnston.nl/private_html/vendor/laravel/framework/src/Illuminate/Pipeline/Pipeline.php(103): Illuminate\\Pipeline\\Pipeline->Illuminate\\Pipeline\\{closure}()
#13 /home/lrjohnst/domains/lv1.dev.lucasjohnston.nl/private_html/vendor/laravel/framework/src/Illuminate/Routing/Router.php(693): Illuminate\\Pipeline\\Pipeline->then()
#14 /home/lrjohnst/domains/lv1.dev.lucasjohnston.nl/private_html/vendor/laravel/framework/src/Illuminate/Routing/Router.php(668): Illuminate\\Routing\\Router->runRouteWithinStack()
#15 /home/lrjohnst/domains/lv1.dev.lucasjohnston.nl/private_html/vendor/laravel/framework/src/Illuminate/Routing/Router.php(634): Illuminate\\Routing\\Router->runRoute()
#16 /home/lrjohnst/domains/lv1.dev.lucasjohnston.nl/private_html/vendor/laravel/framework/src/Illuminate/Routing/Router.php(623): Illuminate\\Routing\\Router->dispatchToRoute()
#17 /home/lrjohnst/domains/lv1.dev.lucasjohnston.nl/private_html/vendor/laravel/framework/src/Illuminate/Foundation/Http/Kernel.php(166): Illuminate\\Routing\\Router->dispatch()
#18 /home/lrjohnst/domains/lv1.dev.lucasjohnston.nl/private_html/vendor/laravel/framework/src/Illuminate/Pipeline/Pipeline.php(128): Illuminate\\Foundation\\Http\\Kernel->Illuminate\\Foundation\\Http\\{closure}()
#19 /home/lrjohnst/domains/lv1.dev.lucasjohnston.nl/private_html/vendor/laravel/framework/src/Illuminate/Foundation/Http/Middleware/TransformsRequest.php(21): Illuminate\\Pipeline\\Pipeline->Illuminate\\Pipeline\\{closure}()
#20 /home/lrjohnst/domains/lv1.dev.lucasjohnston.nl/private_html/vendor/laravel/framework/src/Illuminate/Pipeline/Pipeline.php(167): Illuminate\\Foundation\\Http\\Middleware\\TransformsRequest->handle()
#21 /home/lrjohnst/domains/lv1.dev.lucasjohnston.nl/private_html/vendor/laravel/framework/src/Illuminate/Foundation/Http/Middleware/TransformsRequest.php(21): Illuminate\\Pipeline\\Pipeline->Illuminate\\Pipeline\\{closure}()
#22 /home/lrjohnst/domains/lv1.dev.lucasjohnston.nl/private_html/vendor/laravel/framework/src/Illuminate/Pipeline/Pipeline.php(167): Illuminate\\Foundation\\Http\\Middleware\\TransformsRequest->handle()
#23 /home/lrjohnst/domains/lv1.dev.lucasjohnston.nl/private_html/vendor/laravel/framework/src/Illuminate/Foundation/Http/Middleware/ValidatePostSize.php(27): Illuminate\\Pipeline\\Pipeline->Illuminate\\Pipeline\\{closure}()
#24 /home/lrjohnst/domains/lv1.dev.lucasjohnston.nl/private_html/vendor/laravel/framework/src/Illuminate/Pipeline/Pipeline.php(167): Illuminate\\Foundation\\Http\\Middleware\\ValidatePostSize->handle()
#25 /home/lrjohnst/domains/lv1.dev.lucasjohnston.nl/private_html/vendor/laravel/framework/src/Illuminate/Foundation/Http/Middleware/PreventRequestsDuringMaintenance.php(87): Illuminate\\Pipeline\\Pipeline->Illuminate\\Pipeline\\{closure}()
#26 /home/lrjohnst/domains/lv1.dev.lucasjohnston.nl/private_html/vendor/laravel/framework/src/Illuminate/Pipeline/Pipeline.php(167): Illuminate\\Foundation\\Http\\Middleware\\PreventRequestsDuringMaintenance->handle()
#27 /home/lrjohnst/domains/lv1.dev.lucasjohnston.nl/private_html/vendor/fruitcake/laravel-cors/src/HandleCors.php(37): Illuminate\\Pipeline\\Pipeline->Illuminate\\Pipeline\\{closure}()
#28 /home/lrjohnst/domains/lv1.dev.lucasjohnston.nl/private_html/vendor/laravel/framework/src/Illuminate/Pipeline/Pipeline.php(167): Fruitcake\\Cors\\HandleCors->handle()
#29 /home/lrjohnst/domains/lv1.dev.lucasjohnston.nl/private_html/vendor/fideloper/proxy/src/TrustProxies.php(57): Illuminate\\Pipeline\\Pipeline->Illuminate\\Pipeline\\{closure}()
#30 /home/lrjohnst/domains/lv1.dev.lucasjohnston.nl/private_html/vendor/laravel/framework/src/Illuminate/Pipeline/Pipeline.php(167): Fideloper\\Proxy\\TrustProxies->handle()
#31 /home/lrjohnst/domains/lv1.dev.lucasjohnston.nl/private_html/vendor/laravel/framework/src/Illuminate/Pipeline/Pipeline.php(103): Illuminate\\Pipeline\\Pipeline->Illuminate\\Pipeline\\{closure}()
#32 /home/lrjohnst/domains/lv1.dev.lucasjohnston.nl/private_html/vendor/laravel/framework/src/Illuminate/Foundation/Http/Kernel.php(141): Illuminate\\Pipeline\\Pipeline->then()
#33 /home/lrjohnst/domains/lv1.dev.lucasjohnston.nl/private_html/vendor/laravel/framework/src/Illuminate/Foundation/Http/Kernel.php(110): Illuminate\\Foundation\\Http\\Kernel->sendRequestThroughRouter()
#34 /home/lrjohnst/domains/lv1.dev.lucasjohnston.nl/private_html/public/index.php(52): Illuminate\\Foundation\\Http\\Kernel->handle()
#35 {main}
"} 
